<?xml version="1.0" encoding="UTF-8"?>
<testng-results skipped="0" failed="1" total="1" passed="0">
  <reporter-output>
  </reporter-output>
  <suite name="Suite" duration-ms="56002" started-at="2018-03-31T12:26:43Z" finished-at="2018-03-31T12:27:39Z">
    <groups>
    </groups>
    <test name="TestCases" duration-ms="56002" started-at="2018-03-31T12:26:43Z" finished-at="2018-03-31T12:27:39Z">
      <class name="org.tgf.regression.aim.TestCase_FMIR">
        <test-method status="PASS" signature="LaunchReport()[pri:0, instance:org.tgf.regression.aim.TestCase_FMIR@23a5fd2]" name="LaunchReport" is-config="true" duration-ms="298" started-at="2018-03-31T17:56:43Z" finished-at="2018-03-31T17:56:43Z">
          <reporter-output>
          </reporter-output>
        </test-method> <!-- LaunchReport -->
        <test-method status="PASS" signature="LaunchBrowser()[pri:0, instance:org.tgf.regression.aim.TestCase_FMIR@23a5fd2]" name="LaunchBrowser" is-config="true" duration-ms="7060" started-at="2018-03-31T17:56:43Z" finished-at="2018-03-31T17:56:50Z">
          <reporter-output>
          </reporter-output>
        </test-method> <!-- LaunchBrowser -->
        <test-method status="FAIL" signature="verify_FSEditability()[pri:0, instance:org.tgf.regression.aim.TestCase_FMIR@23a5fd2]" name="verify_FSEditability" duration-ms="46459" started-at="2018-03-31T17:56:50Z" finished-at="2018-03-31T17:57:37Z">
          <exception class="java.lang.AssertionError">
            <message>
              <![CDATA[expected [true] but found [false]]]>
            </message>
            <full-stacktrace>
              <![CDATA[java.lang.AssertionError: expected [true] but found [false]
	at org.testng.Assert.fail(Assert.java:94)
	at org.testng.Assert.failNotEquals(Assert.java:513)
	at org.testng.Assert.assertTrue(Assert.java:42)
	at org.testng.Assert.assertTrue(Assert.java:52)
	at org.tgf.regression.aim.GenericMethods.verify_FS_Editability(GenericMethods.java:18175)
	at org.tgf.regression.aim.TestCase_FMIR.verify_FSEditability(TestCase_FMIR.java:272)
	at sun.reflect.NativeMethodAccessorImpl.invoke0(Native Method)
	at sun.reflect.NativeMethodAccessorImpl.invoke(NativeMethodAccessorImpl.java:62)
	at sun.reflect.DelegatingMethodAccessorImpl.invoke(DelegatingMethodAccessorImpl.java:43)
	at java.lang.reflect.Method.invoke(Method.java:498)
	at org.testng.internal.MethodInvocationHelper.invokeMethod(MethodInvocationHelper.java:100)
	at org.testng.internal.Invoker.invokeMethod(Invoker.java:646)
	at org.testng.internal.Invoker.invokeTestMethod(Invoker.java:811)
	at org.testng.internal.Invoker.invokeTestMethods(Invoker.java:1137)
	at org.testng.internal.TestMethodWorker.invokeTestMethods(TestMethodWorker.java:129)
	at org.testng.internal.TestMethodWorker.run(TestMethodWorker.java:112)
	at org.testng.TestRunner.privateRun(TestRunner.java:753)
	at org.testng.TestRunner.run(TestRunner.java:607)
	at org.testng.SuiteRunner.runTest(SuiteRunner.java:368)
	at org.testng.SuiteRunner.runSequentially(SuiteRunner.java:363)
	at org.testng.SuiteRunner.privateRun(SuiteRunner.java:321)
	at org.testng.SuiteRunner.run(SuiteRunner.java:270)
	at org.testng.SuiteRunnerWorker.runSuite(SuiteRunnerWorker.java:52)
	at org.testng.SuiteRunnerWorker.run(SuiteRunnerWorker.java:86)
	at org.testng.TestNG.runSuitesSequentially(TestNG.java:1284)
	at org.testng.TestNG.runSuitesLocally(TestNG.java:1209)
	at org.testng.TestNG.runSuites(TestNG.java:1124)
	at org.testng.TestNG.run(TestNG.java:1096)
	at org.apache.maven.surefire.testng.TestNGExecutor.run(TestNGExecutor.java:283)
	at org.apache.maven.surefire.testng.TestNGXmlTestSuite.execute(TestNGXmlTestSuite.java:75)
	at org.apache.maven.surefire.testng.TestNGProvider.invoke(TestNGProvider.java:120)
	at org.apache.maven.surefire.booter.ForkedBooter.invokeProviderInSameClassLoader(ForkedBooter.java:379)
	at org.apache.maven.surefire.booter.ForkedBooter.runSuitesInProcess(ForkedBooter.java:340)
	at org.apache.maven.surefire.booter.ForkedBooter.execute(ForkedBooter.java:125)
	at org.apache.maven.surefire.booter.ForkedBooter.main(ForkedBooter.java:413)
]]>
            </full-stacktrace>
          </exception> <!-- java.lang.AssertionError -->
          <reporter-output>
          </reporter-output>
        </test-method> <!-- verify_FSEditability -->
        <test-method status="PASS" signature="quitBrowser()[pri:0, instance:org.tgf.regression.aim.TestCase_FMIR@23a5fd2]" name="quitBrowser" is-config="true" duration-ms="1386" started-at="2018-03-31T17:57:37Z" finished-at="2018-03-31T17:57:38Z">
          <reporter-output>
          </reporter-output>
        </test-method> <!-- quitBrowser -->
        <test-method status="PASS" signature="reportGeneration()[pri:0, instance:org.tgf.regression.aim.TestCase_FMIR@23a5fd2]" name="reportGeneration" is-config="true" duration-ms="767" started-at="2018-03-31T17:57:38Z" finished-at="2018-03-31T17:57:39Z">
          <reporter-output>
          </reporter-output>
        </test-method> <!-- reportGeneration -->
      </class> <!-- org.tgf.regression.aim.TestCase_FMIR -->
    </test> <!-- TestCases -->
  </suite> <!-- Suite -->
</testng-results>
